# JRE version: Java(TM) SE Runtime Environment (8.0_45-b14) (build 1.8.0_45-b14)
# Java VM: Java HotSpot(TM) 64-Bit Server VM (25.45-b02 mixed mode bsd-amd64 compressed oops)
Heap:
 PSYoungGen      total 317440K, used 87878K [0x000000013d100000, 0x0000000152600000, 0x0000000152600000)
  eden space 285696K, 30% used [0x000000013d100000,0x00000001426d1968,0x000000014e800000)
  from space 31744K, 0% used [0x000000014e800000,0x000000014e800000,0x0000000150700000)
  to   space 31744K, 0% used [0x0000000150700000,0x0000000150700000,0x0000000152600000)
 ParOldGen       total 128000K, used 42374K [0x0000000112600000, 0x000000011a300000, 0x000000013d100000)
  object space 128000K, 33% used [0x0000000112600000,0x0000000114f61968,0x000000011a300000)
 Metaspace       used 50425K, capacity 52524K, committed 52824K, reserved 1095680K
  class space    used 6717K, capacity 7459K, committed 7552K, reserved 1048576K
GC Heap History (10 events):
Event: 1071.945 GC heap before
{Heap before GC invocations=12 (full 3):
 PSYoungGen      total 312832K, used 112598K [0x000000013d100000, 0x0000000152600000, 0x0000000152600000)
  eden space 288768K, 38% used [0x000000013d100000,0x0000000143ef5b50,0x000000014eb00000)
  from space 24064K, 0% used [0x0000000150e80000,0x0000000150e80000,0x0000000152600000)
  to   space 30208K, 0% used [0x000000014eb00000,0x000000014eb00000,0x0000000150880000)
 ParOldGen       total 128000K, used 45316K [0x0000000112600000, 0x000000011a300000, 0x000000013d100000)
  object space 128000K, 35% used [0x0000000112600000,0x00000001152410b8,0x000000011a300000)
 Metaspace       used 49047K, capacity 50920K, committed 51160K, reserved 1093632K
  class space    used 6676K, capacity 7332K, committed 7424K, reserved 1048576K
Event: 1071.948 GC heap after
Heap after GC invocations=12 (full 3):
 PSYoungGen      total 290304K, used 1184K [0x000000013d100000, 0x0000000152600000, 0x0000000152600000)
  eden space 288768K, 0% used [0x000000013d100000,0x000000013d100000,0x000000014eb00000)
  from space 1536K, 77% used [0x000000014eb00000,0x000000014ec28020,0x000000014ec80000)
  to   space 30720K, 0% used [0x0000000150800000,0x0000000150800000,0x0000000152600000)
 ParOldGen       total 128000K, used 45324K [0x0000000112600000, 0x000000011a300000, 0x000000013d100000)
  object space 128000K, 35% used [0x0000000112600000,0x00000001152430b8,0x000000011a300000)
 Metaspace       used 49047K, capacity 50920K, committed 51160K, reserved 1093632K
  class space    used 6676K, capacity 7332K, committed 7424K, reserved 1048576K
}
Event: 1071.948 GC heap before
{Heap before GC invocations=13 (full 4):
 PSYoungGen      total 290304K, used 1184K [0x000000013d100000, 0x0000000152600000, 0x0000000152600000)
  eden space 288768K, 0% used [0x000000013d100000,0x000000013d100000,0x000000014eb00000)
  from space 1536K, 77% used [0x000000014eb00000,0x000000014ec28020,0x000000014ec80000)
  to   space 30720K, 0% used [0x0000000150800000,0x0000000150800000,0x0000000152600000)
 ParOldGen       total 128000K, used 45324K [0x0000000112600000, 0x000000011a300000, 0x000000013d100000)
  object space 128000K, 35% used [0x0000000112600000,0x00000001152430b8,0x000000011a300000)
 Metaspace       used 49047K, capacity 50920K, committed 51160K, reserved 1093632K
  class space    used 6676K, capacity 7332K, committed 7424K, reserved 1048576K
Event: 1072.088 GC heap after
Heap after GC invocations=13 (full 4):
 PSYoungGen      total 290304K, used 0K [0x000000013d100000, 0x0000000152600000, 0x0000000152600000)
  eden space 288768K, 0% used [0x000000013d100000,0x000000013d100000,0x000000014eb00000)
  from space 1536K, 0% used [0x000000014eb00000,0x000000014eb00000,0x000000014ec80000)
  to   space 30720K, 0% used [0x0000000150800000,0x0000000150800000,0x0000000152600000)
 ParOldGen       total 128000K, used 23847K [0x0000000112600000, 0x000000011a300000, 0x000000013d100000)
  object space 128000K, 18% used [0x0000000112600000,0x0000000113d49da8,0x000000011a300000)
 Metaspace       used 48111K, capacity 49082K, committed 51160K, reserved 1093632K
  class space    used 6360K, capacity 6658K, committed 7424K, reserved 1048576K
}
Event: 1159.185 GC heap before
{Heap before GC invocations=14 (full 4):
 PSYoungGen      total 290304K, used 288768K [0x000000013d100000, 0x0000000152600000, 0x0000000152600000)
  eden space 288768K, 100% used [0x000000013d100000,0x000000014eb00000,0x000000014eb00000)
  from space 1536K, 0% used [0x000000014eb00000,0x000000014eb00000,0x000000014ec80000)
  to   space 30720K, 0% used [0x0000000150800000,0x0000000150800000,0x0000000152600000)
 ParOldGen       total 128000K, used 23847K [0x0000000112600000, 0x000000011a300000, 0x000000013d100000)
  object space 128000K, 18% used [0x0000000112600000,0x0000000113d49da8,0x000000011a300000)
 Metaspace       used 49102K, capacity 50540K, committed 51416K, reserved 1093632K
  class space    used 6551K, capacity 7075K, committed 7424K, reserved 1048576K
Event: 1159.212 GC heap after
Heap after GC invocations=14 (full 4):
 PSYoungGen      total 316416K, used 20057K [0x000000013d100000, 0x0000000152600000, 0x0000000152600000)
  eden space 285696K, 0% used [0x000000013d100000,0x000000013d100000,0x000000014e800000)
  from space 30720K, 65% used [0x0000000150800000,0x0000000151b967e0,0x0000000152600000)
  to   space 31744K, 0% used [0x000000014e800000,0x000000014e800000,0x0000000150700000)
 ParOldGen       total 128000K, used 23855K [0x0000000112600000, 0x000000011a300000, 0x000000013d100000)
  object space 128000K, 18% used [0x0000000112600000,0x0000000113d4bda8,0x000000011a300000)
 Metaspace       used 49102K, capacity 50540K, committed 51416K, reserved 1093632K
  class space    used 6551K, capacity 7075K, committed 7424K, reserved 1048576K
}
Event: 1690.980 GC heap before
{Heap before GC invocations=15 (full 4):
 PSYoungGen      total 316416K, used 301602K [0x000000013d100000, 0x0000000152600000, 0x0000000152600000)
  eden space 285696K, 98% used [0x000000013d100000,0x000000014e3f2170,0x000000014e800000)
  from space 30720K, 65% used [0x0000000150800000,0x0000000151b967e0,0x0000000152600000)
  to   space 31744K, 0% used [0x000000014e800000,0x000000014e800000,0x0000000150700000)
 ParOldGen       total 128000K, used 23855K [0x0000000112600000, 0x000000011a300000, 0x000000013d100000)
  object space 128000K, 18% used [0x0000000112600000,0x0000000113d4bda8,0x000000011a300000)
 Metaspace       used 50136K, capacity 52030K, committed 52184K, reserved 1093632K
  class space    used 6698K, capacity 7405K, committed 7424K, reserved 1048576K
Event: 1691.002 GC heap after
Heap after GC invocations=15 (full 4):
 PSYoungGen      total 317440K, used 4087K [0x000000013d100000, 0x0000000152600000, 0x0000000152600000)
  eden space 285696K, 0% used [0x000000013d100000,0x000000013d100000,0x000000014e800000)
  from space 31744K, 12% used [0x000000014e800000,0x000000014ebfde20,0x0000000150700000)
  to   space 31744K, 0% used [0x0000000150700000,0x0000000150700000,0x0000000152600000)
 ParOldGen       total 128000K, used 40087K [0x0000000112600000, 0x000000011a300000, 0x000000013d100000)
  object space 128000K, 31% used [0x0000000112600000,0x0000000114d25f28,0x000000011a300000)
 Metaspace       used 50136K, capacity 52030K, committed 52184K, reserved 1093632K
  class space    used 6698K, capacity 7405K, committed 7424K, reserved 1048576K
}
Event: 1691.002 GC heap before
{Heap before GC invocations=16 (full 5):
 PSYoungGen      total 317440K, used 4087K [0x000000013d100000, 0x0000000152600000, 0x0000000152600000)
  eden space 285696K, 0% used [0x000000013d100000,0x000000013d100000,0x000000014e800000)
  from space 31744K, 12% used [0x000000014e800000,0x000000014ebfde20,0x0000000150700000)
  to   space 31744K, 0% used [0x0000000150700000,0x0000000150700000,0x0000000152600000)
 ParOldGen       total 128000K, used 40087K [0x0000000112600000, 0x000000011a300000, 0x000000013d100000)
  object space 128000K, 31% used [0x0000000112600000,0x0000000114d25f28,0x000000011a300000)
 Metaspace       used 50136K, capacity 52030K, committed 52184K, reserved 1093632K
  class space    used 6698K, capacity 7405K, committed 7424K, reserved 1048576K
Event: 1691.312 GC heap after
Heap after GC invocations=16 (full 5):
 PSYoungGen      total 317440K, used 0K [0x000000013d100000, 0x0000000152600000, 0x0000000152600000)
  eden space 285696K, 0% used [0x000000013d100000,0x000000013d100000,0x000000014e800000)
  from space 31744K, 0% used [0x000000014e800000,0x000000014e800000,0x0000000150700000)
  to   space 31744K, 0% used [0x0000000150700000,0x0000000150700000,0x0000000152600000)
 ParOldGen       total 128000K, used 42374K [0x0000000112600000, 0x000000011a300000, 0x000000013d100000)
  object space 128000K, 33% used [0x0000000112600000,0x0000000114f61968,0x000000011a300000)
 Metaspace       used 50136K, capacity 52030K, committed 52184K, reserved 1093632K
  class space    used 6698K, capacity 7405K, committed 7424K, reserved 1048576K
}

